{"level":"info","message":"origin http://localhost:7000\nip: ::1\nmethod:GET\npath/api","timestamp":"2017-01-17T12:40:09.477Z"}
{"level":"info","message":"origin http://localhost:7000\nip: ::1\nmethod:GET\npath/favicon.ico","timestamp":"2017-01-17T12:40:09.546Z"}
{"level":"warn","message":"Error\nredirecting to index \nError: redirecting to index \n    at global.throw (/Users/huangxiaogang/iwjw/iwjw-node/node-rent-platform/app.js:15:15)\n    at next.then (/Users/huangxiaogang/iwjw/iwjw-node/node-rent-platform/middleware/log/index.js:33:21)","timestamp":"2017-01-17T12:40:09.579Z"}
{"level":"info","message":"origin http://localhost:7000\nip: ::1\nmethod:GET\npath/","timestamp":"2017-01-17T12:40:09.595Z"}
{"level":"info","message":"origin http://localhost:7000\nip: ::1\nmethod:GET\npath/api","timestamp":"2017-01-17T12:58:23.655Z"}
{"level":"info","message":"origin http://localhost:7000\nip: ::1\nmethod:GET\npath/favicon.ico","timestamp":"2017-01-17T12:58:23.767Z"}
{"level":"warn","message":"Error\nredirecting to index \nError: redirecting to index \n    at global.throw (/Users/huangxiaogang/iwjw/iwjw-node/node-rent-platform/app.js:15:15)\n    at next.then (/Users/huangxiaogang/iwjw/iwjw-node/node-rent-platform/middleware/log/index.js:33:21)","timestamp":"2017-01-17T12:58:23.777Z"}
{"level":"info","message":"origin http://localhost:7000\nip: ::1\nmethod:GET\npath/","timestamp":"2017-01-17T12:58:23.793Z"}
{"level":"info","message":"origin http://localhost:7000\nip: ::1\nmethod:GET\npath/","timestamp":"2017-01-18T02:51:29.526Z"}
{"level":"info","message":"origin http://localhost:7000\nip: ::1\nmethod:GET\npath/api/common/cityList.action","timestamp":"2017-01-18T02:51:32.631Z"}
{"level":"info","message":"origin http://localhost:7000\nip: ::1\nmethod:GET\npath/api/houseInfo/list.action","timestamp":"2017-01-18T02:51:32.836Z"}
{"level":"info","message":"origin http://localhost:7000\nip: ::1\nmethod:GET\npath/","timestamp":"2017-01-18T02:52:16.219Z"}
{"level":"info","message":"origin http://localhost:7000\nip: ::1\nmethod:GET\npath/api/common/cityList.action","timestamp":"2017-01-18T02:52:17.572Z"}
{"level":"info","message":"origin http://localhost:7000\nip: ::1\nmethod:GET\npath/api/houseInfo/list.action","timestamp":"2017-01-18T02:52:17.599Z"}
{"level":"info","message":"origin http://localhost:7000\nip: ::1\nmethod:GET\npath/","timestamp":"2017-01-18T02:52:26.008Z"}
{"level":"info","message":"origin http://localhost:7000\nip: ::1\nmethod:GET\npath/api/houseInfo/detail.action","timestamp":"2017-01-18T02:52:32.582Z"}
{"level":"info","message":"origin http://localhost:7000\nip: ::1\nmethod:GET\npath/","timestamp":"2017-01-18T02:52:35.233Z"}
{"level":"info","message":"origin http://localhost:7000\nip: ::1\nmethod:GET\npath/api/houseInfo/detail.action","timestamp":"2017-01-18T02:52:36.340Z"}
{"level":"info","message":"origin http://localhost:7000\nip: ::1\nmethod:GET\npath/","timestamp":"2017-01-18T02:57:23.230Z"}
{"level":"info","message":"origin http://localhost:7000\nip: ::1\nmethod:GET\npath/api/common/cityList.action","timestamp":"2017-01-18T02:57:24.653Z"}
{"level":"info","message":"origin http://localhost:7000\nip: ::1\nmethod:GET\npath/api/houseInfo/list.action","timestamp":"2017-01-18T02:57:24.661Z"}
{"level":"info","message":"origin http://localhost:7000\nip: ::1\nmethod:GET\npath/api/common/estateList.action","timestamp":"2017-01-18T02:57:30.959Z"}
{"level":"info","message":"origin http://localhost:7000\nip: ::1\nmethod:GET\npath/","timestamp":"2017-01-18T02:59:56.165Z"}
{"level":"info","message":"origin http://localhost:7000\nip: ::1\nmethod:GET\npath/","timestamp":"2017-01-18T03:00:03.354Z"}
{"level":"info","message":"origin http://localhost:7000\nip: ::1\nmethod:GET\npath/","timestamp":"2017-01-18T03:00:09.402Z"}
{"level":"info","message":"origin http://localhost:7000\nip: ::1\nmethod:GET\npath/","timestamp":"2017-01-18T03:00:40.065Z"}
{"level":"info","message":"origin http://localhost:7000\nip: ::1\nmethod:GET\npath/","timestamp":"2017-01-18T03:02:50.861Z"}
{"level":"info","message":"origin http://localhost:7000\nip: ::1\nmethod:GET\npath/api/common/cityList.action","timestamp":"2017-01-18T03:02:51.905Z"}
{"level":"info","message":"origin http://localhost:7000\nip: ::1\nmethod:GET\npath/api/houseInfo/list.action","timestamp":"2017-01-18T03:02:51.910Z"}
{"level":"info","message":"origin http://localhost:7000\nip: ::1\nmethod:GET\npath/","timestamp":"2017-01-18T03:02:56.776Z"}
{"level":"info","message":"origin http://localhost:7000\nip: ::1\nmethod:GET\npath/api/houseInfo/detail.action","timestamp":"2017-01-18T03:03:04.710Z"}
{"level":"info","message":"origin http://localhost:7000\nip: ::1\nmethod:GET\npath/","timestamp":"2017-01-18T03:03:38.646Z"}
{"level":"info","message":"origin http://localhost:7000\nip: ::1\nmethod:GET\npath/api/houseInfo/detail.action","timestamp":"2017-01-18T03:03:45.043Z"}
{"level":"info","message":"origin http://localhost:7000\nip: ::1\nmethod:GET\npath/","timestamp":"2017-01-18T03:13:12.998Z"}
{"level":"info","message":"origin http://localhost:7000\nip: ::1\nmethod:GET\npath/","timestamp":"2017-01-18T03:13:15.693Z"}
{"level":"info","message":"origin http://localhost:7000\nip: ::1\nmethod:GET\npath/","timestamp":"2017-01-18T03:13:49.754Z"}
{"level":"info","message":"origin http://localhost:7000\nip: ::1\nmethod:GET\npath/","timestamp":"2017-01-18T03:14:42.787Z"}
{"level":"info","message":"origin http://localhost:7000\nip: ::1\nmethod:GET\npath/api/common/cityList.action","timestamp":"2017-01-18T03:14:44.117Z"}
{"level":"info","message":"origin http://localhost:7000\nip: ::1\nmethod:GET\npath/api/houseInfo/list.action","timestamp":"2017-01-18T03:14:44.144Z"}
{"level":"info","message":"origin http://localhost:7000\nip: ::1\nmethod:GET\npath/api/common/estateList.action","timestamp":"2017-01-18T03:14:54.509Z"}
{"level":"info","message":"origin http://localhost:7000\nip: ::1\nmethod:GET\npath/api/houseInfo/list.action","timestamp":"2017-01-18T03:15:09.149Z"}
{"level":"info","message":"origin http://localhost:7000\nip: ::1\nmethod:GET\npath/api/houseInfo/list.action","timestamp":"2017-01-18T03:15:22.785Z"}
{"level":"info","message":"origin http://localhost:7000\nip: ::1\nmethod:GET\npath/","timestamp":"2017-01-18T03:15:27.845Z"}
{"level":"info","message":"origin http://localhost:7000\nip: ::1\nmethod:GET\npath/api/common/cityList.action","timestamp":"2017-01-18T03:15:29.031Z"}
{"level":"info","message":"origin http://localhost:7000\nip: ::1\nmethod:GET\npath/api/houseInfo/list.action","timestamp":"2017-01-18T03:15:29.119Z"}
{"level":"info","message":"origin http://localhost:7000\nip: ::1\nmethod:GET\npath/api/houseInfo/list.action","timestamp":"2017-01-18T03:15:34.317Z"}
{"level":"info","message":"origin http://localhost:7000\nip: ::1\nmethod:GET\npath/api/common/estateList.action","timestamp":"2017-01-18T03:15:38.253Z"}
{"level":"info","message":"origin http://localhost:7000\nip: ::1\nmethod:GET\npath/api/houseInfo/list.action","timestamp":"2017-01-18T03:15:41.611Z"}
{"level":"info","message":"origin http://localhost:7000\nip: ::1\nmethod:GET\npath/api/common/estateList.action","timestamp":"2017-01-18T03:15:49.984Z"}
{"level":"info","message":"origin http://localhost:7000\nip: ::1\nmethod:GET\npath/api/common/estateList.action","timestamp":"2017-01-18T03:15:50.564Z"}
{"level":"info","message":"origin http://localhost:7000\nip: ::1\nmethod:GET\npath/api/houseInfo/list.action","timestamp":"2017-01-18T03:15:51.483Z"}
{"level":"info","message":"origin http://localhost:7000\nip: ::1\nmethod:GET\npath/","timestamp":"2017-01-18T03:21:49.437Z"}
{"level":"info","message":"origin http://localhost:7000\nip: ::1\nmethod:GET\npath/api/common/cityList.action","timestamp":"2017-01-18T03:21:50.422Z"}
{"level":"info","message":"origin http://localhost:7000\nip: ::1\nmethod:GET\npath/api/houseInfo/list.action","timestamp":"2017-01-18T03:21:50.425Z"}
{"level":"info","message":"origin http://localhost:7000\nip: ::1\nmethod:GET\npath/","timestamp":"2017-01-18T03:22:20.038Z"}
{"level":"info","message":"origin http://localhost:7000\nip: ::1\nmethod:GET\npath/api/common/cityList.action","timestamp":"2017-01-18T03:22:24.326Z"}
{"level":"info","message":"origin http://localhost:7000\nip: ::1\nmethod:GET\npath/api/houseInfo/list.action","timestamp":"2017-01-18T03:22:24.367Z"}
{"level":"info","message":"origin http://localhost:7000\nip: ::1\nmethod:GET\npath/api/common/estateList.action","timestamp":"2017-01-18T03:22:30.569Z"}
{"level":"info","message":"origin http://localhost:7000\nip: ::1\nmethod:GET\npath/api/houseInfo/list.action","timestamp":"2017-01-18T03:22:34.667Z"}
{"level":"info","message":"origin http://localhost:7000\nip: ::1\nmethod:GET\npath/","timestamp":"2017-01-18T03:23:37.697Z"}
{"level":"info","message":"origin http://localhost:7000\nip: ::1\nmethod:GET\npath/api/common/cityList.action","timestamp":"2017-01-18T03:23:43.819Z"}
{"level":"info","message":"origin http://localhost:7000\nip: ::1\nmethod:GET\npath/api/houseInfo/list.action","timestamp":"2017-01-18T03:23:43.835Z"}
{"level":"info","message":"origin http://localhost:7000\nip: ::1\nmethod:GET\npath/api/common/estateList.action","timestamp":"2017-01-18T03:23:58.101Z"}
{"level":"info","message":"origin http://localhost:7000\nip: ::1\nmethod:GET\npath/api/houseInfo/list.action","timestamp":"2017-01-18T03:23:59.038Z"}
{"level":"info","message":"origin http://localhost:7000\nip: ::1\nmethod:GET\npath/","timestamp":"2017-01-18T03:30:39.799Z"}
{"level":"info","message":"origin http://localhost:7000\nip: ::1\nmethod:GET\npath/api/common/cityList.action","timestamp":"2017-01-18T03:30:41.393Z"}
{"level":"info","message":"origin http://localhost:7000\nip: ::1\nmethod:GET\npath/api/houseInfo/list.action","timestamp":"2017-01-18T03:30:41.398Z"}
{"level":"info","message":"origin http://localhost:7000\nip: ::1\nmethod:GET\npath/api/common/estateList.action","timestamp":"2017-01-18T03:30:44.108Z"}
{"level":"info","message":"origin http://localhost:7000\nip: ::1\nmethod:GET\npath/api/common/estateList.action","timestamp":"2017-01-18T03:30:45.993Z"}
{"level":"info","message":"origin http://localhost:7000\nip: ::1\nmethod:GET\npath/api/common/estateList.action","timestamp":"2017-01-18T03:30:47.356Z"}
{"level":"info","message":"origin http://localhost:7000\nip: ::1\nmethod:GET\npath/","timestamp":"2017-01-18T03:51:55.719Z"}
{"level":"info","message":"origin http://localhost:7000\nip: ::1\nmethod:GET\npath/api/common/cityList.action","timestamp":"2017-01-18T03:51:58.993Z"}
{"level":"info","message":"origin http://localhost:7000\nip: ::1\nmethod:GET\npath/api/houseInfo/list.action","timestamp":"2017-01-18T03:51:59.042Z"}
